<?xml version="1.0" encoding="UTF-8"?>
<!-- Generated by org.testng.reporters.JUnitXMLReporter -->
<testsuite ignored="0" hostname="benilin-pt7278" failures="0" tests="5" name="Default test" time="0.096" errors="0" timestamp="2024-04-29T10:00:58 IST">
  <testcase classname="test.Tester" name="loginTester" time="0.065"/>
  <testcase classname="test.Tester" name="loginTester" time="0.0"/>
  <testcase classname="test.Tester" name="loginTester" time="0.001"/>
  <testcase classname="test.Tester" name="loginTester" time="0.002"/>
  <testcase classname="test.Tester" name="loginTester" time="0.001"/>
</testsuite> <!-- Default test -->
