<?xml version="1.0" encoding="UTF-8"?>
<testng-results ignored="0" total="5" passed="5" failed="0" skipped="0">
  <reporter-output>
  </reporter-output>
  <suite started-at="2024-05-13T11:31:16 IST" name="Default suite" finished-at="2024-05-13T11:31:17 IST" duration-ms="119">
    <groups>
    </groups>
    <test started-at="2024-05-13T11:31:16 IST" name="Default test" finished-at="2024-05-13T11:31:17 IST" duration-ms="119">
      <class name="test.AdminServiceTester">
        <test-method signature="withdrawTest(long,long)[pri:0, instance:test.AdminServiceTester@7d4f9aae]" started-at="2024-05-13T11:31:16 IST" name="withdrawTest" data-provider="withdrawDataProvider" finished-at="2024-05-13T11:31:17 IST" duration-ms="71" status="PASS">
          <params>
            <param index="0">
              <value>
                <![CDATA[1]]>
              </value>
            </param>
            <param index="1">
              <value>
                <![CDATA[1000]]>
              </value>
            </param>
          </params>
          <reporter-output>
          </reporter-output>
        </test-method> <!-- withdrawTest -->
        <test-method signature="withdrawTest(long,long)[pri:0, instance:test.AdminServiceTester@7d4f9aae]" started-at="2024-05-13T11:31:17 IST" name="withdrawTest" data-provider="withdrawDataProvider" finished-at="2024-05-13T11:31:17 IST" duration-ms="3" status="PASS">
          <params>
            <param index="0">
              <value>
                <![CDATA[2]]>
              </value>
            </param>
            <param index="1">
              <value>
                <![CDATA[1000]]>
              </value>
            </param>
          </params>
          <reporter-output>
          </reporter-output>
        </test-method> <!-- withdrawTest -->
        <test-method signature="withdrawTest(long,long)[pri:0, instance:test.AdminServiceTester@7d4f9aae]" started-at="2024-05-13T11:31:17 IST" name="withdrawTest" data-provider="withdrawDataProvider" finished-at="2024-05-13T11:31:17 IST" duration-ms="3" status="PASS">
          <params>
            <param index="0">
              <value>
                <![CDATA[3]]>
              </value>
            </param>
            <param index="1">
              <value>
                <![CDATA[-1000]]>
              </value>
            </param>
          </params>
          <reporter-output>
          </reporter-output>
        </test-method> <!-- withdrawTest -->
        <test-method signature="withdrawTest(long,long)[pri:0, instance:test.AdminServiceTester@7d4f9aae]" started-at="2024-05-13T11:31:17 IST" name="withdrawTest" data-provider="withdrawDataProvider" finished-at="2024-05-13T11:31:17 IST" duration-ms="2" status="PASS">
          <params>
            <param index="0">
              <value>
                <![CDATA[3]]>
              </value>
            </param>
            <param index="1">
              <value>
                <![CDATA[0]]>
              </value>
            </param>
          </params>
          <reporter-output>
          </reporter-output>
        </test-method> <!-- withdrawTest -->
        <test-method signature="withdrawTest(long,long)[pri:0, instance:test.AdminServiceTester@7d4f9aae]" started-at="2024-05-13T11:31:17 IST" name="withdrawTest" data-provider="withdrawDataProvider" finished-at="2024-05-13T11:31:17 IST" duration-ms="3" status="PASS">
          <params>
            <param index="0">
              <value>
                <![CDATA[3]]>
              </value>
            </param>
            <param index="1">
              <value>
                <![CDATA[10000]]>
              </value>
            </param>
          </params>
          <reporter-output>
          </reporter-output>
        </test-method> <!-- withdrawTest -->
      </class> <!-- test.AdminServiceTester -->
    </test> <!-- Default test -->
  </suite> <!-- Default suite -->
</testng-results>
